2025-10-29 01:01:53,838 - __main__ - INFO - ======================================================================
2025-10-29 01:01:53,838 - __main__ - INFO - MonolithForge: Starting construction pipeline
2025-10-29 01:01:53,838 - __main__ - INFO - ======================================================================
2025-10-29 01:01:53,838 - __main__ - INFO - === LoadLegacyPhase START ===
2025-10-29 01:01:53,848 - __main__ - INFO - Loaded questionnaire.json: 637796 bytes
2025-10-29 01:01:53,849 - __main__ - INFO - Loaded rubric_scoring.json: 24633 bytes
2025-10-29 01:01:53,850 - __main__ - INFO - Loaded COMPLETE_METHOD_CLASS_MAP.json: 17916 bytes
2025-10-29 01:01:53,850 - __main__ - INFO - === LoadLegacyPhase COMPLETE ===
2025-10-29 01:01:53,850 - __main__ - INFO - === StructuralIndexingPhase START ===
2025-10-29 01:01:53,850 - __main__ - INFO - Indexed 300 questions
2025-10-29 01:01:53,850 - __main__ - INFO - === StructuralIndexingPhase COMPLETE ===
2025-10-29 01:01:53,850 - __main__ - INFO - === BaseSlotMappingPhase START ===
2025-10-29 01:01:53,850 - __main__ - INFO - Mapped 30 base_slots, each with 10 questions
2025-10-29 01:01:53,850 - __main__ - INFO - === BaseSlotMappingPhase COMPLETE ===
2025-10-29 01:01:53,850 - __main__ - INFO - === ExtractionAndNormalizationPhase START ===
2025-10-29 01:01:53,866 - __main__ - INFO - Normalized 300 micro questions
2025-10-29 01:01:53,867 - __main__ - INFO - === ExtractionAndNormalizationPhase COMPLETE ===
2025-10-29 01:01:53,867 - __main__ - INFO - === IndicatorsAndEvidencePhase START ===
2025-10-29 01:01:53,867 - __main__ - ERROR - ABORT [A040] in IndicatorsAndEvidencePhase: Question 1 missing expected_elements
2025-10-29 01:01:53,867 - __main__ - ERROR - FATAL ABORT: [A040] IndicatorsAndEvidencePhase: Question 1 missing expected_elements
2025-10-29 01:01:53,867 - __main__ - ERROR - Construction FAILED at IndicatorsAndEvidencePhase
2025-10-29 01:02:51,440 - __main__ - INFO - ======================================================================
2025-10-29 01:02:51,440 - __main__ - INFO - MonolithForge: Starting construction pipeline
2025-10-29 01:02:51,440 - __main__ - INFO - ======================================================================
2025-10-29 01:02:51,440 - __main__ - INFO - === LoadLegacyPhase START ===
2025-10-29 01:02:51,450 - __main__ - INFO - Loaded questionnaire.json: 637796 bytes
2025-10-29 01:02:51,451 - __main__ - INFO - Loaded rubric_scoring.json: 24633 bytes
2025-10-29 01:02:51,451 - __main__ - INFO - Loaded COMPLETE_METHOD_CLASS_MAP.json: 17916 bytes
2025-10-29 01:02:51,451 - __main__ - INFO - === LoadLegacyPhase COMPLETE ===
2025-10-29 01:02:51,451 - __main__ - INFO - === StructuralIndexingPhase START ===
2025-10-29 01:02:51,452 - __main__ - INFO - Indexed 300 questions
2025-10-29 01:02:51,452 - __main__ - INFO - === StructuralIndexingPhase COMPLETE ===
2025-10-29 01:02:51,452 - __main__ - INFO - === BaseSlotMappingPhase START ===
2025-10-29 01:02:51,452 - __main__ - INFO - Mapped 30 base_slots, each with 10 questions
2025-10-29 01:02:51,452 - __main__ - INFO - === BaseSlotMappingPhase COMPLETE ===
2025-10-29 01:02:51,452 - __main__ - INFO - === ExtractionAndNormalizationPhase START ===
2025-10-29 01:02:51,468 - __main__ - INFO - Normalized 300 micro questions
2025-10-29 01:02:51,468 - __main__ - INFO - === ExtractionAndNormalizationPhase COMPLETE ===
2025-10-29 01:02:51,468 - __main__ - INFO - === IndicatorsAndEvidencePhase START ===
2025-10-29 01:02:51,469 - __main__ - INFO - Extracted indicators and evidence for 300 questions
2025-10-29 01:02:51,469 - __main__ - INFO - === IndicatorsAndEvidencePhase COMPLETE ===
2025-10-29 01:02:51,469 - __main__ - INFO - === MethodSetSynthesisPhase START ===
2025-10-29 01:02:51,469 - __main__ - INFO - Synthesized method sets for 30 base_slots
2025-10-29 01:02:51,469 - __main__ - INFO - === MethodSetSynthesisPhase COMPLETE ===
2025-10-29 01:02:51,469 - __main__ - INFO - === RubricTranspositionPhase START ===
2025-10-29 01:02:51,469 - __main__ - INFO - Transposed rubric with 4 quality levels
2025-10-29 01:02:51,469 - __main__ - INFO - === RubricTranspositionPhase COMPLETE ===
2025-10-29 01:02:51,470 - __main__ - INFO - === MesoMacroEmbeddingPhase START ===
2025-10-29 01:02:51,470 - __main__ - ERROR - ABORT [A070] in MesoMacroEmbeddingPhase: CLUSTER_1 hermeticity violation. Expected ['P2', 'P5', 'P8'], got ['P2', 'P3', 'P7']
2025-10-29 01:02:51,470 - __main__ - ERROR - FATAL ABORT: [A070] MesoMacroEmbeddingPhase: CLUSTER_1 hermeticity violation. Expected ['P2', 'P5', 'P8'], got ['P2', 'P3', 'P7']
2025-10-29 01:02:51,470 - __main__ - ERROR - Construction FAILED at MesoMacroEmbeddingPhase
2025-10-29 01:05:06,623 - __main__ - INFO - ======================================================================
2025-10-29 01:05:06,623 - __main__ - INFO - MonolithForge: Starting construction pipeline
2025-10-29 01:05:06,623 - __main__ - INFO - ======================================================================
2025-10-29 01:05:06,623 - __main__ - INFO - === LoadLegacyPhase START ===
2025-10-29 01:05:06,633 - __main__ - INFO - Loaded questionnaire.json: 637796 bytes
2025-10-29 01:05:06,634 - __main__ - INFO - Loaded rubric_scoring.json: 24633 bytes
2025-10-29 01:05:06,634 - __main__ - INFO - Loaded COMPLETE_METHOD_CLASS_MAP.json: 17916 bytes
2025-10-29 01:05:06,634 - __main__ - INFO - Loaded canonical clusters: {'CLUSTER_1': ['P2', 'P3', 'P7'], 'CLUSTER_2': ['P1', 'P5', 'P6'], 'CLUSTER_3': ['P4', 'P8'], 'CLUSTER_4': ['P9', 'P10']}
2025-10-29 01:05:06,634 - __main__ - INFO - === LoadLegacyPhase COMPLETE ===
2025-10-29 01:05:06,634 - __main__ - INFO - === StructuralIndexingPhase START ===
2025-10-29 01:05:06,634 - __main__ - INFO - Indexed 300 questions
2025-10-29 01:05:06,634 - __main__ - INFO - === StructuralIndexingPhase COMPLETE ===
2025-10-29 01:05:06,635 - __main__ - INFO - === BaseSlotMappingPhase START ===
2025-10-29 01:05:06,635 - __main__ - INFO - Mapped 30 base_slots, each with 10 questions
2025-10-29 01:05:06,635 - __main__ - INFO - === BaseSlotMappingPhase COMPLETE ===
2025-10-29 01:05:06,635 - __main__ - INFO - === ExtractionAndNormalizationPhase START ===
2025-10-29 01:05:06,651 - __main__ - INFO - Normalized 300 micro questions
2025-10-29 01:05:06,651 - __main__ - INFO - === ExtractionAndNormalizationPhase COMPLETE ===
2025-10-29 01:05:06,651 - __main__ - INFO - === IndicatorsAndEvidencePhase START ===
2025-10-29 01:05:06,652 - __main__ - INFO - Extracted indicators and evidence for 300 questions
2025-10-29 01:05:06,652 - __main__ - INFO - === IndicatorsAndEvidencePhase COMPLETE ===
2025-10-29 01:05:06,652 - __main__ - INFO - === MethodSetSynthesisPhase START ===
2025-10-29 01:05:06,652 - __main__ - INFO - Synthesized method sets for 30 base_slots
2025-10-29 01:05:06,652 - __main__ - INFO - === MethodSetSynthesisPhase COMPLETE ===
2025-10-29 01:05:06,652 - __main__ - INFO - === RubricTranspositionPhase START ===
2025-10-29 01:05:06,652 - __main__ - INFO - Transposed rubric with 4 quality levels
2025-10-29 01:05:06,653 - __main__ - INFO - === RubricTranspositionPhase COMPLETE ===
2025-10-29 01:05:06,653 - __main__ - INFO - === MesoMacroEmbeddingPhase START ===
2025-10-29 01:05:06,653 - __main__ - INFO - Embedded 4 MESO + 1 MACRO questions
2025-10-29 01:05:06,653 - __main__ - INFO - === MesoMacroEmbeddingPhase COMPLETE ===
2025-10-29 01:05:06,653 - __main__ - INFO - === IntegritySealingPhase START ===
2025-10-29 01:05:06,657 - __main__ - INFO - Sealed monolith with hash: 33dc0d144490dcd8...
2025-10-29 01:05:06,657 - __main__ - INFO - === IntegritySealingPhase COMPLETE ===
2025-10-29 01:05:06,657 - __main__ - INFO - === ValidationReportPhase START ===
2025-10-29 01:05:06,657 - __main__ - INFO - Validation PASSED:
2025-10-29 01:05:06,658 - __main__ - INFO -   - 300 micro questions
2025-10-29 01:05:06,658 - __main__ - INFO -   - 4 meso questions
2025-10-29 01:05:06,658 - __main__ - INFO -   - 1 macro question
2025-10-29 01:05:06,658 - __main__ - INFO -   - 30 base_slots, each with 10 questions
2025-10-29 01:05:06,658 - __main__ - INFO -   - Cluster hermeticity verified
2025-10-29 01:05:06,658 - __main__ - INFO - === ValidationReportPhase COMPLETE ===
2025-10-29 01:05:06,658 - __main__ - INFO - === FinalEmissionPhase START ===
2025-10-29 01:05:06,682 - __main__ - INFO - Emitted monolith to questionnaire_monolith.json
2025-10-29 01:05:06,682 - __main__ - INFO -   File size: 623,695 bytes
2025-10-29 01:05:06,682 - __main__ - INFO -   Hash: 33dc0d144490dcd8...
2025-10-29 01:05:06,682 - __main__ - INFO - === FinalEmissionPhase COMPLETE ===
2025-10-29 01:05:06,682 - __main__ - INFO - Manifest written to forge_manifest.json
2025-10-29 01:05:06,683 - __main__ - INFO - ======================================================================
2025-10-29 01:05:06,683 - __main__ - INFO - MonolithForge: Construction COMPLETE
2025-10-29 01:05:06,683 - __main__ - INFO - ======================================================================
